Arguments: 
  /usr/bin/node /usr/share/yarn/bin/yarn.js install --offline

PATH: 
  /home/linuxbrew/.linuxbrew/bin:/home/linuxbrew/.linuxbrew/sbin:/home/linuxbrew/.linuxbrew/bin:/home/maycon/bin:/home/maycon/.local/bin:/usr/local/sbin:/usr/local/bin:/usr/sbin:/usr/bin:/sbin:/bin:/usr/games:/usr/local/games

Yarn version: 
  1.5.1

Node version: 
  9.11.1

Platform: 
  linux x64

npm manifest: 
  {
    "name": "ppw2modernImplementation",
    "version": "1.0.0",
    "description": "Disciplina de PPW2 - IFG/Formosa",
    "main": "index.js",
    "scripts": {
      "test": "echo \"Error: no test specified\" && exit 1",
      "riot": "riot --config riot.config -w",
      "webpack": "webpack -w"
    },
    "repository": {
      "type": "git",
      "url": "git+https://github.com/micheljunio/ppw2018-1.git"
    },
    "keywords": [],
    "author": "",
    "license": "ISC",
    "bugs": {
      "url": "https://github.com/micheljunio/ppw2018-1/issues"
    },
    "homepage": "https://github.com/micheljunio/ppw2018-1#readme",
    "devDependencies": {
      "babel-core": "^6.26.0",
      "babel-loader": "^7.1.4",
      "babel-plugin-transform-object-rest-spread": "^6.26.0",
      "babel-polyfill": "^6.26.0",
      "babel-preset-env": "^1.6.1",
      "html-webpack-plugin": "^3.1.0",
      "webpack": "^4.4.1",
      "webpack-cli": "^2.0.13"
    },
    "dependencies": {
      "riot": "^3.9.1"
    }
  }

yarn manifest: 
  No manifest

Lockfile: 
  No lockfile

Trace: 
  Error: Couldn't find package "@simple-dom/document@^1.4.0-alpha.82914663" required by "simple-dom@1.4.0-alpha.82914663" on the "npm" registry.
      at new MessageError (/usr/share/yarn/lib/cli.js:186:110)
      at PackageRequest.<anonymous> (/usr/share/yarn/lib/cli.js:36274:17)
      at Generator.throw (<anonymous>)
      at step (/usr/share/yarn/lib/cli.js:98:30)
      at /usr/share/yarn/lib/cli.js:111:13
      at <anonymous>
